2022-03-28 22:49:34,149 50 CRITICAL config_server_log Критическая ошибка
2022-03-28 22:49:34,149 40 ERROR config_server_log Ошибка
2022-03-28 22:49:34,150 30 WARNING config_server_log Предупреждение
2022-03-28 22:49:34,150 20 INFO config_server_log Информационное сообщение
2022-03-28 22:49:34,150 10 DEBUG config_server_log Отладочная информация
2022-03-29 02:11:59,541 10 DEBUG decos Была вызвана функция create_arg_parser c параметрами (), {}.Вызов из модуля __main__.Вызов из функции main().Вызов из функции main@@@Вызов из функции main@@@вызов из модуля server.py
2022-03-29 02:11:59,542 20 INFO server Запущен сервер, порт для подключений: 7777, адрес, с которого принимаются подключения: . Если адрес не указан, принимаются соединения с любых адресов.
2022-03-29 02:15:30,175 50 CRITICAL config_server_log Критическая ошибка
2022-03-29 02:15:30,175 40 ERROR config_server_log Ошибка
2022-03-29 02:15:30,176 30 WARNING config_server_log Предупреждение
2022-03-29 02:15:30,176 20 INFO config_server_log Информационное сообщение
2022-03-29 02:15:30,176 10 DEBUG config_server_log Отладочная информация
2022-03-29 02:17:34,519 50 CRITICAL config_server_log Критическая ошибка
2022-03-29 02:17:34,519 40 ERROR config_server_log Ошибка
2022-03-29 02:17:34,519 30 WARNING config_server_log Предупреждение
2022-03-29 02:17:34,519 20 INFO config_server_log Информационное сообщение
2022-03-29 02:17:34,519 10 DEBUG config_server_log Отладочная информация
2022-03-29 02:18:26,850 10 DEBUG decos Была вызвана функция create_arg_parser c параметрами (), {}.Вызов из модуля __main__.Вызов из функции main().Вызов из функции main@@@Вызов из функции main@@@вызов из модуля server.py
2022-03-29 02:18:26,850 20 INFO server Запущен сервер, порт для подключений: 7777, адрес, с которого принимаются подключения: . Если адрес не указан, принимаются соединения с любых адресов.
2022-03-29 02:18:48,212 10 DEBUG decos Была вызвана функция create_arg_parser c параметрами (), {}.Вызов из модуля __main__.Вызов из функции main().Вызов из функции mainВызов из функции mainвызов из модуля server.py
2022-03-29 02:18:48,212 20 INFO server Запущен сервер, порт для подключений: 7777, адрес, с которого принимаются подключения: . Если адрес не указан, принимаются соединения с любых адресов.
